Using pre-set license
Built from '2021.3/staging' branch; Version is '2021.3.8f1 (b30333d56e81) revision 11731763'; Using compiler version '192829333'; Build Type 'Release'
OS: 'Windows 10  (10.0.19044) 64bit Core' Language: 'en' Physical Memory: 16085 MB
BatchMode: 1, IsHumanControllingUs: 0, StartBugReporterOnCrash: 0, Is64bit: 1, IsPro: 1

COMMAND LINE ARGUMENTS:
D:\Unity\2021.3.8f1\Editor\Unity.exe
-adb2
-batchMode
-noUpm
-name
AssetImportWorker1
-projectPath
D:/Unity/Unity Hub/Delta V
-logFile
Logs/AssetImportWorker1.log
-srvPort
54494
Successfully changed project path to: D:/Unity/Unity Hub/Delta V
D:/Unity/Unity Hub/Delta V
[UnityMemory] Configuration Parameters - Can be set up in boot.config
    "memorysetup-bucket-allocator-granularity=16"
    "memorysetup-bucket-allocator-bucket-count=8"
    "memorysetup-bucket-allocator-block-size=33554432"
    "memorysetup-bucket-allocator-block-count=8"
    "memorysetup-main-allocator-block-size=16777216"
    "memorysetup-thread-allocator-block-size=16777216"
    "memorysetup-gfx-main-allocator-block-size=16777216"
    "memorysetup-gfx-thread-allocator-block-size=16777216"
    "memorysetup-cache-allocator-block-size=4194304"
    "memorysetup-typetree-allocator-block-size=2097152"
    "memorysetup-profiler-bucket-allocator-granularity=16"
    "memorysetup-profiler-bucket-allocator-bucket-count=8"
    "memorysetup-profiler-bucket-allocator-block-size=33554432"
    "memorysetup-profiler-bucket-allocator-block-count=8"
    "memorysetup-profiler-allocator-block-size=16777216"
    "memorysetup-profiler-editor-allocator-block-size=1048576"
    "memorysetup-temp-allocator-size-main=16777216"
    "memorysetup-job-temp-allocator-block-size=2097152"
    "memorysetup-job-temp-allocator-block-size-background=1048576"
    "memorysetup-job-temp-allocator-reduction-small-platforms=262144"
    "memorysetup-temp-allocator-size-background-worker=32768"
    "memorysetup-temp-allocator-size-job-worker=262144"
    "memorysetup-temp-allocator-size-preload-manager=33554432"
    "memorysetup-temp-allocator-size-nav-mesh-worker=65536"
    "memorysetup-temp-allocator-size-audio-worker=65536"
    "memorysetup-temp-allocator-size-cloud-worker=32768"
    "memorysetup-temp-allocator-size-gi-baking-worker=262144"
    "memorysetup-temp-allocator-size-gfx=262144"
Refreshing native plugins compatible for Editor in 75.74 ms, found 3 plugins.
Preloading 0 native plugins for Editor in 0.00 ms.
Initialize engine version: 2021.3.8f1 (b30333d56e81)
[Subsystems] Discovering subsystems at path D:/Unity/2021.3.8f1/Editor/Data/Resources/UnitySubsystems
[Subsystems] Discovering subsystems at path D:/Unity/Unity Hub/Delta V/Assets
GfxDevice: creating device client; threaded=0; jobified=0
Direct3D:
    Version:  Direct3D 11.0 [level 11.1]
    Renderer: NVIDIA GeForce RTX 3060 Laptop GPU (ID=0x2520)
    Vendor:   NVIDIA
    VRAM:     6023 MB
    Driver:   31.0.15.2225
Initialize mono
Mono path[0] = 'D:/Unity/2021.3.8f1/Editor/Data/Managed'
Mono path[1] = 'D:/Unity/2021.3.8f1/Editor/Data/MonoBleedingEdge/lib/mono/unityjit-win32'
Mono config path = 'D:/Unity/2021.3.8f1/Editor/Data/MonoBleedingEdge/etc'
Using monoOptions --debugger-agent=transport=dt_socket,embedding=1,server=y,suspend=n,address=127.0.0.1:56932
Begin MonoManager ReloadAssembly
Registering precompiled unity dll's ...
Register platform support module: D:/Unity/2021.3.8f1/Editor/Data/PlaybackEngines/WebGLSupport/UnityEditor.WebGL.Extensions.dll
Register platform support module: D:/Unity/2021.3.8f1/Editor/Data/PlaybackEngines/WindowsStandaloneSupport/UnityEditor.WindowsStandalone.Extensions.dll
Registered in 0.002449 seconds.
Native extension for WindowsStandalone target not found
Native extension for WebGL target not found
Refreshing native plugins compatible for Editor in 78.32 ms, found 3 plugins.
Preloading 0 native plugins for Editor in 0.00 ms.
Mono: successfully reloaded assembly
- Completed reload, in  0.570 seconds
Domain Reload Profiling:
	ReloadAssembly (571ms)
		BeginReloadAssembly (59ms)
			ExecutionOrderSort (0ms)
			DisableScriptedObjects (0ms)
			BackupInstance (0ms)
			ReleaseScriptingObjects (0ms)
			CreateAndSetChildDomain (1ms)
		EndReloadAssembly (424ms)
			LoadAssemblies (58ms)
			RebuildTransferFunctionScriptingTraits (0ms)
			SetupTypeCache (99ms)
			ReleaseScriptCaches (0ms)
			RebuildScriptCaches (27ms)
			SetupLoadedEditorAssemblies (255ms)
				LogAssemblyErrors (0ms)
				InitializePlatformSupportModulesInManaged (7ms)
				SetLoadedEditorAssemblies (0ms)
				RefreshPlugins (79ms)
				BeforeProcessingInitializeOnLoad (1ms)
				ProcessInitializeOnLoadAttributes (128ms)
				ProcessInitializeOnLoadMethodAttributes (40ms)
				AfterProcessingInitializeOnLoad (0ms)
				EditorAssembliesLoaded (0ms)
			ExecutionOrderSort2 (0ms)
			AwakeInstancesAfterBackupRestoration (0ms)
Platform modules already initialized, skipping
Registering precompiled user dll's ...
Registered in 0.003796 seconds.
Begin MonoManager ReloadAssembly
Symbol file LoadedFromMemory doesn't match image D:\Unity\Unity Hub\Delta V\Library\PackageCache\com.unity.visualscripting@1.7.8\Editor\VisualScripting.Core\Dependencies\YamlDotNet\Unity.VisualScripting.YamlDotNet.dll
Symbol file LoadedFromMemory doesn't match image D:\Unity\Unity Hub\Delta V\Library\PackageCache\com.unity.visualscripting@1.7.8\Editor\VisualScripting.Core\Dependencies\DotNetZip\Unity.VisualScripting.IonicZip.dll
Native extension for WindowsStandalone target not found
Native extension for WebGL target not found
Refreshing native plugins compatible for Editor in 0.64 ms, found 3 plugins.
Preloading 0 native plugins for Editor in 0.00 ms.
Mono: successfully reloaded assembly
- Completed reload, in  0.907 seconds
Domain Reload Profiling:
	ReloadAssembly (908ms)
		BeginReloadAssembly (94ms)
			ExecutionOrderSort (0ms)
			DisableScriptedObjects (5ms)
			BackupInstance (0ms)
			ReleaseScriptingObjects (0ms)
			CreateAndSetChildDomain (17ms)
		EndReloadAssembly (718ms)
			LoadAssemblies (63ms)
			RebuildTransferFunctionScriptingTraits (0ms)
			SetupTypeCache (239ms)
			ReleaseScriptCaches (1ms)
			RebuildScriptCaches (43ms)
			SetupLoadedEditorAssemblies (338ms)
				LogAssemblyErrors (0ms)
				InitializePlatformSupportModulesInManaged (6ms)
				SetLoadedEditorAssemblies (1ms)
				RefreshPlugins (1ms)
				BeforeProcessingInitializeOnLoad (74ms)
				ProcessInitializeOnLoadAttributes (230ms)
				ProcessInitializeOnLoadMethodAttributes (24ms)
				AfterProcessingInitializeOnLoad (2ms)
				EditorAssembliesLoaded (0ms)
			ExecutionOrderSort2 (0ms)
			AwakeInstancesAfterBackupRestoration (6ms)
Platform modules already initialized, skipping
========================================================================
Worker process is ready to serve import requests
Launched and connected shader compiler UnityShaderCompiler.exe after 0.04 seconds
Refreshing native plugins compatible for Editor in 0.62 ms, found 3 plugins.
Preloading 0 native plugins for Editor in 0.00 ms.
Unloading 3408 Unused Serialized files (Serialized files now loaded: 0)
Unloading 27 unused Assets / (111.4 KB). Loaded Objects now: 3868.
Memory consumption went from 119.4 MB to 119.3 MB.
Total: 3.324100 ms (FindLiveObjects: 0.270600 ms CreateObjectMapping: 0.106000 ms MarkObjects: 2.830800 ms  DeleteObjects: 0.116100 ms)

AssetImportParameters requested are different than current active one (requested -> active):
  custom:video-decoder-ogg-theora: a1e56fd34408186e4bbccfd4996cb3dc -> 
  custom:container-muxer-webm: aa71ff27fc2769a1b78a27578f13a17b -> 
  custom:container-demuxer-webm: 4f35f7cbe854078d1ac9338744f61a02 -> 
  custom:video-encoder-webm-vp8: eb34c28f22e8b96e1ab97ce403110664 -> 
  custom:audio-encoder-webm-vorbis: bf7c407c2cedff20999df2af8eb42d56 -> 
  custom:framework-win-MediaFoundation: 216162199b28c13a410421893ffa2e32 -> 
  custom:container-demuxer-ogg: 62fdf1f143b41e24485cea50d1cbac27 -> 
  custom:video-decoder-webm-vp8: 9c59270c3fd7afecdb556c50c9e8de78 -> 
  custom:audio-decoder-ogg-vorbis: bf7c407c2cedff20999df2af8eb42d56 -> 
========================================================================
Received Import Request.
  Time since last request: 178832.426886 seconds.
  path: Assets/Prefabs/ShipDebris.prefab
  artifactKey: Guid(72e88539878459b4e80c49b52ae30b75) Importer(815301076,1909f56bfc062723c751e8b465ee728b)
Start importing Assets/Prefabs/ShipDebris.prefab using Guid(72e88539878459b4e80c49b52ae30b75) Importer(815301076,1909f56bfc062723c751e8b465ee728b)  -> (artifact id: '2df26bb73c1b9f2954376484c0de5943') in 0.200757 seconds 
========================================================================
Received Import Request.
  Time since last request: 16.107425 seconds.
  path: Assets/Fox/Animations/Fox_Attack_Tail.fbx
  artifactKey: Guid(b19a75272a0f3534fb0ab2cc67456a74) Importer(815301076,1909f56bfc062723c751e8b465ee728b)
Start importing Assets/Fox/Animations/Fox_Attack_Tail.fbx using Guid(b19a75272a0f3534fb0ab2cc67456a74) Importer(815301076,1909f56bfc062723c751e8b465ee728b)  -> (artifact id: '9f0e99eef3101b508b87e0205b0fcc40') in 0.172396 seconds 
========================================================================
Received Import Request.
  Time since last request: 0.000023 seconds.
  path: Assets/Fox/Animations/Fox_Sit_No.fbx
  artifactKey: Guid(13236cf41befc77498c6245c317911ae) Importer(815301076,1909f56bfc062723c751e8b465ee728b)
Start importing Assets/Fox/Animations/Fox_Sit_No.fbx using Guid(13236cf41befc77498c6245c317911ae) Importer(815301076,1909f56bfc062723c751e8b465ee728b)  -> (artifact id: '38c89dc38ed284d5eb1de6bc60049152') in 0.055813 seconds 
========================================================================
Received Import Request.
  Time since last request: 0.000043 seconds.
  path: Assets/Fox/Animations/Fox_Run.fbx
  artifactKey: Guid(70c4ef9204c08ce429fd08a494bb1033) Importer(815301076,1909f56bfc062723c751e8b465ee728b)
Start importing Assets/Fox/Animations/Fox_Run.fbx using Guid(70c4ef9204c08ce429fd08a494bb1033) Importer(815301076,1909f56bfc062723c751e8b465ee728b)  -> (artifact id: 'c5a103fbf20dff5a601282e65124c9d0') in 0.057273 seconds 
========================================================================
Received Import Request.
  Time since last request: 0.000045 seconds.
  path: Assets/Fox/Animations/Fox_Jump.fbx
  artifactKey: Guid(8ca578f25a346e248800bad0f5224350) Importer(815301076,1909f56bfc062723c751e8b465ee728b)
Start importing Assets/Fox/Animations/Fox_Jump.fbx using Guid(8ca578f25a346e248800bad0f5224350) Importer(815301076,1909f56bfc062723c751e8b465ee728b)  -> (artifact id: 'ea84a888f6d050cf40f5d372aff37318') in 0.071480 seconds 
========================================================================
Received Import Request.
  Time since last request: 0.000020 seconds.
  path: Assets/Fox/Animations/Fox_Walk.fbx
  artifactKey: Guid(f56a614af49e8f74fb38d336d6b77e35) Importer(815301076,1909f56bfc062723c751e8b465ee728b)
Start importing Assets/Fox/Animations/Fox_Walk.fbx using Guid(f56a614af49e8f74fb38d336d6b77e35) Importer(815301076,1909f56bfc062723c751e8b465ee728b)  -> (artifact id: '7c274fb730c2e205aebc1d3e16aa5a7d') in 0.044516 seconds 
========================================================================
Received Import Request.
  Time since last request: 0.000027 seconds.
  path: Assets/Fox/Animations/Fox_Somersault.fbx
  artifactKey: Guid(ce33bd1fdecb0de4dba1419f7763a5b0) Importer(815301076,1909f56bfc062723c751e8b465ee728b)
Start importing Assets/Fox/Animations/Fox_Somersault.fbx using Guid(ce33bd1fdecb0de4dba1419f7763a5b0) Importer(815301076,1909f56bfc062723c751e8b465ee728b)  -> (artifact id: '95cb6997e42467455bb03ed855918a86') in 0.069017 seconds 
========================================================================
Received Import Request.
  Time since last request: 0.000032 seconds.
  path: Assets/Fox/Animations/Fox_Jump_Pivot_InPlace.fbx
  artifactKey: Guid(2d694cd30f631174093a1111c4ed8895) Importer(815301076,1909f56bfc062723c751e8b465ee728b)
Start importing Assets/Fox/Animations/Fox_Jump_Pivot_InPlace.fbx using Guid(2d694cd30f631174093a1111c4ed8895) Importer(815301076,1909f56bfc062723c751e8b465ee728b)  -> (artifact id: '4f83ff661ac24a78fb7d1d328e6fac01') in 0.040709 seconds 
========================================================================
Received Import Request.
  Time since last request: 0.000037 seconds.
  path: Assets/Fox/Animations/Fox_Run_Right.fbx
  artifactKey: Guid(cc3accffe68d76c4fba0db9dc9cf4a4a) Importer(815301076,1909f56bfc062723c751e8b465ee728b)
Start importing Assets/Fox/Animations/Fox_Run_Right.fbx using Guid(cc3accffe68d76c4fba0db9dc9cf4a4a) Importer(815301076,1909f56bfc062723c751e8b465ee728b)  -> (artifact id: 'ebaff32c514736b4bc347291120f5c09') in 0.036272 seconds 
========================================================================
Received Import Request.
  Time since last request: 0.000036 seconds.
  path: Assets/Fox/Animations/Fox_Run_Left.fbx
  artifactKey: Guid(5ae8ff9eadf8f554688979fee65f0aef) Importer(815301076,1909f56bfc062723c751e8b465ee728b)
Start importing Assets/Fox/Animations/Fox_Run_Left.fbx using Guid(5ae8ff9eadf8f554688979fee65f0aef) Importer(815301076,1909f56bfc062723c751e8b465ee728b)  -> (artifact id: '2ca57dfc2fe897e4f656caa1303f2053') in 0.035267 seconds 
========================================================================
Received Import Request.
  Time since last request: 0.000037 seconds.
  path: Assets/Fox/Animations/Fox_Jump_InAir.fbx
  artifactKey: Guid(e004cd5a03acf764d911027f6ca2b528) Importer(815301076,1909f56bfc062723c751e8b465ee728b)
Start importing Assets/Fox/Animations/Fox_Jump_InAir.fbx using Guid(e004cd5a03acf764d911027f6ca2b528) Importer(815301076,1909f56bfc062723c751e8b465ee728b)  -> (artifact id: '276d1af8aca9576797f3cce1276d21d5') in 0.036990 seconds 
========================================================================
Received Import Request.
  Time since last request: 0.000047 seconds.
  path: Assets/Fox/Animations/Fox_Idle.fbx
  artifactKey: Guid(09884bf878afb4549bea8fb4f77e5ea0) Importer(815301076,1909f56bfc062723c751e8b465ee728b)
Start importing Assets/Fox/Animations/Fox_Idle.fbx using Guid(09884bf878afb4549bea8fb4f77e5ea0) Importer(815301076,1909f56bfc062723c751e8b465ee728b)  -> (artifact id: '8b93da34014073bda7ec2df49649bdbf') in 0.038350 seconds 
========================================================================
Received Import Request.
  Time since last request: 0.000045 seconds.
  path: Assets/Fox/Animations/Fox_Sit3_StandUp.fbx
  artifactKey: Guid(02d99976b4a0880419ef0381cb525dfe) Importer(815301076,1909f56bfc062723c751e8b465ee728b)
Start importing Assets/Fox/Animations/Fox_Sit3_StandUp.fbx using Guid(02d99976b4a0880419ef0381cb525dfe) Importer(815301076,1909f56bfc062723c751e8b465ee728b)  -> (artifact id: '16c5e369d2833f0a753e9e1a4068057d') in 0.030497 seconds 
========================================================================
Received Import Request.
  Time since last request: 0.000035 seconds.
  path: Assets/Fox/Animations/Fox_Walk_Back.fbx
  artifactKey: Guid(34bb4f81661abcd4fae58c9a9d6bdbe3) Importer(815301076,1909f56bfc062723c751e8b465ee728b)
Start importing Assets/Fox/Animations/Fox_Walk_Back.fbx using Guid(34bb4f81661abcd4fae58c9a9d6bdbe3) Importer(815301076,1909f56bfc062723c751e8b465ee728b)  -> (artifact id: 'c13aec072151431e6746fdb7c11d5d84') in 0.037516 seconds 
========================================================================
Received Import Request.
  Time since last request: 0.000043 seconds.
  path: Assets/Fox/Animations/Fox_Somersault_InPlace.fbx
  artifactKey: Guid(0473e26d90c4a994ead38f256c99c5b9) Importer(815301076,1909f56bfc062723c751e8b465ee728b)
Start importing Assets/Fox/Animations/Fox_Somersault_InPlace.fbx using Guid(0473e26d90c4a994ead38f256c99c5b9) Importer(815301076,1909f56bfc062723c751e8b465ee728b)  -> (artifact id: 'd7f2849c722d70139e6c4906fd57893a') in 0.035524 seconds 
========================================================================
Received Import Request.
  Time since last request: 0.707296 seconds.
  path: Assets/Fox/Animations/Fox_Walk_Left.fbx
  artifactKey: Guid(bc0cfd164a2579d41851505ba8332e40) Importer(815301076,1909f56bfc062723c751e8b465ee728b)
Start importing Assets/Fox/Animations/Fox_Walk_Left.fbx using Guid(bc0cfd164a2579d41851505ba8332e40) Importer(815301076,1909f56bfc062723c751e8b465ee728b)  -> (artifact id: 'd16fa09a5710b0e10f78a0a650924ccf') in 0.071789 seconds 
========================================================================
Received Import Request.
  Time since last request: 0.000032 seconds.
  path: Assets/Fox/Animations/Fox_Walk_Right.fbx
  artifactKey: Guid(8f0cf4218cd736142a75f73f2ce615ba) Importer(815301076,1909f56bfc062723c751e8b465ee728b)
Start importing Assets/Fox/Animations/Fox_Walk_Right.fbx using Guid(8f0cf4218cd736142a75f73f2ce615ba) Importer(815301076,1909f56bfc062723c751e8b465ee728b)  -> (artifact id: '89d2461ba94948c5f81f4515f2a12bf4') in 0.038174 seconds 
========================================================================
Received Import Request.
  Time since last request: 0.000028 seconds.
  path: Assets/Fox/Animations/Fox_Walk_Left_InPlace.fbx
  artifactKey: Guid(b2adcf57d666f76469d4ca24956e82b7) Importer(815301076,1909f56bfc062723c751e8b465ee728b)
Start importing Assets/Fox/Animations/Fox_Walk_Left_InPlace.fbx using Guid(b2adcf57d666f76469d4ca24956e82b7) Importer(815301076,1909f56bfc062723c751e8b465ee728b)  -> (artifact id: '1a989a0693d5a2ba0127d0a745819fea') in 0.031988 seconds 
========================================================================
Received Prepare
Registering precompiled user dll's ...
Registered in 0.004676 seconds.
Begin MonoManager ReloadAssembly
Symbol file LoadedFromMemory doesn't match image D:\Unity\Unity Hub\Delta V\Library\PackageCache\com.unity.visualscripting@1.7.8\Editor\VisualScripting.Core\Dependencies\YamlDotNet\Unity.VisualScripting.YamlDotNet.dll
Symbol file LoadedFromMemory doesn't match image D:\Unity\Unity Hub\Delta V\Library\PackageCache\com.unity.visualscripting@1.7.8\Editor\VisualScripting.Core\Dependencies\DotNetZip\Unity.VisualScripting.IonicZip.dll
Native extension for WindowsStandalone target not found
Native extension for WebGL target not found
Refreshing native plugins compatible for Editor in 0.85 ms, found 3 plugins.
Preloading 0 native plugins for Editor in 0.00 ms.
Mono: successfully reloaded assembly
- Completed reload, in  1.387 seconds
Domain Reload Profiling:
	ReloadAssembly (1388ms)
		BeginReloadAssembly (152ms)
			ExecutionOrderSort (0ms)
			DisableScriptedObjects (5ms)
			BackupInstance (0ms)
			ReleaseScriptingObjects (0ms)
			CreateAndSetChildDomain (42ms)
		EndReloadAssembly (1119ms)
			LoadAssemblies (99ms)
			RebuildTransferFunctionScriptingTraits (0ms)
			SetupTypeCache (406ms)
			ReleaseScriptCaches (2ms)
			RebuildScriptCaches (63ms)
			SetupLoadedEditorAssemblies (481ms)
				LogAssemblyErrors (0ms)
				InitializePlatformSupportModulesInManaged (22ms)
				SetLoadedEditorAssemblies (1ms)
				RefreshPlugins (1ms)
				BeforeProcessingInitializeOnLoad (96ms)
				ProcessInitializeOnLoadAttributes (312ms)
				ProcessInitializeOnLoadMethodAttributes (45ms)
				AfterProcessingInitializeOnLoad (4ms)
				EditorAssembliesLoaded (0ms)
			ExecutionOrderSort2 (0ms)
			AwakeInstancesAfterBackupRestoration (11ms)
Platform modules already initialized, skipping
Refreshing native plugins compatible for Editor in 2.15 ms, found 3 plugins.
Preloading 0 native plugins for Editor in 0.00 ms.
Unloading 3390 Unused Serialized files (Serialized files now loaded: 0)
Unloading 21 unused Assets / (80.1 KB). Loaded Objects now: 3916.
Memory consumption went from 135.5 MB to 135.5 MB.
Total: 3.461300 ms (FindLiveObjects: 0.253600 ms CreateObjectMapping: 0.105000 ms MarkObjects: 2.970200 ms  DeleteObjects: 0.131400 ms)

AssetImportParameters requested are different than current active one (requested -> active):
  custom:video-decoder-ogg-theora: a1e56fd34408186e4bbccfd4996cb3dc -> 
  custom:container-muxer-webm: aa71ff27fc2769a1b78a27578f13a17b -> 
  custom:container-demuxer-webm: 4f35f7cbe854078d1ac9338744f61a02 -> 
  custom:video-encoder-webm-vp8: eb34c28f22e8b96e1ab97ce403110664 -> 
  custom:audio-encoder-webm-vorbis: bf7c407c2cedff20999df2af8eb42d56 -> 
  custom:framework-win-MediaFoundation: 216162199b28c13a410421893ffa2e32 -> 
  custom:container-demuxer-ogg: 62fdf1f143b41e24485cea50d1cbac27 -> 
  custom:video-decoder-webm-vp8: 9c59270c3fd7afecdb556c50c9e8de78 -> 
  custom:audio-decoder-ogg-vorbis: bf7c407c2cedff20999df2af8eb42d56 -> 
========================================================================
Received Prepare
Registering precompiled user dll's ...
Registered in 0.004895 seconds.
Begin MonoManager ReloadAssembly
Symbol file LoadedFromMemory doesn't match image D:\Unity\Unity Hub\Delta V\Library\PackageCache\com.unity.visualscripting@1.7.8\Editor\VisualScripting.Core\Dependencies\YamlDotNet\Unity.VisualScripting.YamlDotNet.dll
Symbol file LoadedFromMemory doesn't match image D:\Unity\Unity Hub\Delta V\Library\PackageCache\com.unity.visualscripting@1.7.8\Editor\VisualScripting.Core\Dependencies\DotNetZip\Unity.VisualScripting.IonicZip.dll
Native extension for WindowsStandalone target not found
Native extension for WebGL target not found
Refreshing native plugins compatible for Editor in 0.85 ms, found 3 plugins.
Preloading 0 native plugins for Editor in 0.00 ms.
Mono: successfully reloaded assembly
- Completed reload, in  1.301 seconds
Domain Reload Profiling:
	ReloadAssembly (1302ms)
		BeginReloadAssembly (150ms)
			ExecutionOrderSort (0ms)
			DisableScriptedObjects (6ms)
			BackupInstance (0ms)
			ReleaseScriptingObjects (0ms)
			CreateAndSetChildDomain (41ms)
		EndReloadAssembly (1032ms)
			LoadAssemblies (93ms)
			RebuildTransferFunctionScriptingTraits (0ms)
			SetupTypeCache (338ms)
			ReleaseScriptCaches (2ms)
			RebuildScriptCaches (48ms)
			SetupLoadedEditorAssemblies (494ms)
				LogAssemblyErrors (0ms)
				InitializePlatformSupportModulesInManaged (21ms)
				SetLoadedEditorAssemblies (1ms)
				RefreshPlugins (1ms)
				BeforeProcessingInitializeOnLoad (97ms)
				ProcessInitializeOnLoadAttributes (327ms)
				ProcessInitializeOnLoadMethodAttributes (43ms)
				AfterProcessingInitializeOnLoad (5ms)
				EditorAssembliesLoaded (0ms)
			ExecutionOrderSort2 (0ms)
			AwakeInstancesAfterBackupRestoration (12ms)
Platform modules already initialized, skipping
Refreshing native plugins compatible for Editor in 2.14 ms, found 3 plugins.
Preloading 0 native plugins for Editor in 0.00 ms.
Unloading 3390 Unused Serialized files (Serialized files now loaded: 0)
Unloading 20 unused Assets / (79.4 KB). Loaded Objects now: 3919.
Memory consumption went from 135.5 MB to 135.5 MB.
Total: 3.633000 ms (FindLiveObjects: 0.283400 ms CreateObjectMapping: 0.110700 ms MarkObjects: 3.147900 ms  DeleteObjects: 0.090000 ms)

AssetImportParameters requested are different than current active one (requested -> active):
  custom:video-decoder-ogg-theora: a1e56fd34408186e4bbccfd4996cb3dc -> 
  custom:container-muxer-webm: aa71ff27fc2769a1b78a27578f13a17b -> 
  custom:container-demuxer-webm: 4f35f7cbe854078d1ac9338744f61a02 -> 
  custom:video-encoder-webm-vp8: eb34c28f22e8b96e1ab97ce403110664 -> 
  custom:audio-encoder-webm-vorbis: bf7c407c2cedff20999df2af8eb42d56 -> 
  custom:framework-win-MediaFoundation: 216162199b28c13a410421893ffa2e32 -> 
  custom:container-demuxer-ogg: 62fdf1f143b41e24485cea50d1cbac27 -> 
  custom:video-decoder-webm-vp8: 9c59270c3fd7afecdb556c50c9e8de78 -> 
  custom:audio-decoder-ogg-vorbis: bf7c407c2cedff20999df2af8eb42d56 -> 
Editor requested this worker to shutdown with reason: Scaling down because of idle timeout
AssetImportWorker is now disconnected from the server
Process exiting
Exiting without the bug reporter. Application will terminate with return code 0